2018-04-06 18:16:11,098 - Trying to use logger class org.apache.velocity.runtime.log.Log4JLogChute
2018-04-06 18:16:11,098 - Using logger class org.apache.velocity.runtime.log.Log4JLogChute
2018-04-06 18:16:11,098 - Default ResourceManager initializing. (class org.apache.velocity.runtime.resource.ResourceManagerImpl)
2018-04-06 18:16:11,098 - ResourceLoader instantiated: org.apache.velocity.runtime.resource.loader.ClasspathResourceLoader
2018-04-06 18:16:11,098 - ResourceCache: initialized (class org.apache.velocity.runtime.resource.ResourceCacheImpl)
2018-04-06 18:16:11,100 - Loaded System Directive: org.apache.velocity.runtime.directive.Literal
2018-04-06 18:16:11,100 - Loaded System Directive: org.apache.velocity.runtime.directive.Macro
2018-04-06 18:16:11,101 - Loaded System Directive: org.apache.velocity.runtime.directive.Parse
2018-04-06 18:16:11,101 - Loaded System Directive: org.apache.velocity.runtime.directive.Include
2018-04-06 18:16:11,101 - Loaded System Directive: org.apache.velocity.runtime.directive.Foreach
2018-04-06 18:16:11,102 - Created '20' parsers.
2018-04-06 18:16:11,102 - Velocimacro : "velocimacro.library" is not set.  Trying default library: VM_global_library.vm
2018-04-06 18:16:11,104 - Velocimacro : Default library not found.
2018-04-06 18:16:11,104 - Velocimacro : allowInline = true : VMs can be defined inline in templates
2018-04-06 18:16:11,104 - Velocimacro : allowInlineToOverride = false : VMs defined inline may NOT replace previous VM definitions
2018-04-06 18:16:11,104 - Velocimacro : allowInlineLocal = false : VMs defined inline will be global in scope if allowed.
2018-04-06 18:16:11,104 - Velocimacro : autoload off : VM system will not automatically reload global library macros
2018-04-06 18:16:11,119 - ResourceManager : found repository\resources\api_templates\default_api_template.xml with loader org.apache.velocity.runtime.resource.loader.ClasspathResourceLoader
2018-04-06 18:16:11,119 - Null reference [template 'repository\resources\api_templates\default_api_template.xml', line 6, column 56] : $trp cannot be resolved.
2018-04-06 18:16:11,119 - Null reference [template 'repository\resources\api_templates\default_api_template.xml', line 7, column 33] : $ctx cannot be resolved.
2018-04-06 18:19:55,768 - Log4JLogChute initialized using file 'velocity.log'
2018-04-06 18:19:55,768 - Starting Apache Velocity v1.5 (compiled: 2007-02-22 08:52:29)
2018-04-06 18:19:55,768 - Default Properties File: org\apache\velocity\runtime\defaults\velocity.properties
2018-04-06 18:19:55,768 - Trying to use logger class org.apache.velocity.runtime.log.AvalonLogChute
2018-04-06 18:19:55,769 - Couldn't find class org.apache.velocity.runtime.log.AvalonLogChute or necessary supporting classes in classpath.
java.lang.NoClassDefFoundError: org/apache/log/format/Formatter
	at java.lang.Class.forName0(Native Method)
	at java.lang.Class.forName(Class.java:348)
	at org.apache.velocity.util.ClassUtils.getClass(ClassUtils.java:63)
	at org.apache.velocity.util.ClassUtils.getNewInstance(ClassUtils.java:95)
	at org.apache.velocity.runtime.log.LogManager.createLogChute(LogManager.java:147)
	at org.apache.velocity.runtime.log.LogManager.updateLog(LogManager.java:208)
	at org.apache.velocity.runtime.RuntimeInstance.initializeLog(RuntimeInstance.java:728)
	at org.apache.velocity.runtime.RuntimeInstance.init(RuntimeInstance.java:240)
	at org.apache.velocity.app.VelocityEngine.init(VelocityEngine.java:116)
	at barley.apimgt.impl.template.APITemplateBuilderImpl.getConfigStringForTemplate(APITemplateBuilderImpl.java:102)
	at barley.apimgt.impl.utils.APIGatewayAdminRestClient.addApi(APIGatewayAdminRestClient.java:79)
	at barley.apimgt.impl.APIGatewayManager.publishToGateway(APIGatewayManager.java:173)
	at barley.apimgt.impl.APIProviderImpl.publishToGateway(APIProviderImpl.java:1531)
	at barley.apimgt.impl.APIProviderImpl.changeAPIStatus(APIProviderImpl.java:1253)
	at barley.apimgt.impl.UserAwareAPIProvider.changeAPIStatus(UserAwareAPIProvider.java:91)
	at barley.apimgt.impl.APIProviderImplTest.testAddApiAndPublish(APIProviderImplTest.java:359)
	at sun.reflect.NativeMethodAccessorImpl.invoke0(Native Method)
	at sun.reflect.NativeMethodAccessorImpl.invoke(NativeMethodAccessorImpl.java:62)
	at sun.reflect.DelegatingMethodAccessorImpl.invoke(DelegatingMethodAccessorImpl.java:43)
	at java.lang.reflect.Method.invoke(Method.java:498)
	at junit.framework.TestCase.runTest(TestCase.java:176)
	at junit.framework.TestCase.runBare(TestCase.java:141)
	at junit.framework.TestResult$1.protect(TestResult.java:122)
	at junit.framework.TestResult.runProtected(TestResult.java:142)
	at junit.framework.TestResult.run(TestResult.java:125)
	at junit.framework.TestCase.run(TestCase.java:129)
	at junit.framework.TestSuite.runTest(TestSuite.java:252)
	at junit.framework.TestSuite.run(TestSuite.java:247)
	at org.junit.internal.runners.JUnit38ClassRunner.run(JUnit38ClassRunner.java:86)
	at org.eclipse.jdt.internal.junit4.runner.JUnit4TestReference.run(JUnit4TestReference.java:86)
	at org.eclipse.jdt.internal.junit.runner.TestExecution.run(TestExecution.java:38)
	at org.eclipse.jdt.internal.junit.runner.RemoteTestRunner.runTests(RemoteTestRunner.java:459)
	at org.eclipse.jdt.internal.junit.runner.RemoteTestRunner.runTests(RemoteTestRunner.java:678)
	at org.eclipse.jdt.internal.junit.runner.RemoteTestRunner.run(RemoteTestRunner.java:382)
	at org.eclipse.jdt.internal.junit.runner.RemoteTestRunner.main(RemoteTestRunner.java:192)
Caused by: java.lang.ClassNotFoundException: org.apache.log.format.Formatter
	at java.net.URLClassLoader.findClass(URLClassLoader.java:381)
	at java.lang.ClassLoader.loadClass(ClassLoader.java:424)
	at sun.misc.Launcher$AppClassLoader.loadClass(Launcher.java:331)
	at java.lang.ClassLoader.loadClass(ClassLoader.java:357)
	... 35 more
2018-04-06 18:19:55,771 - Trying to use logger class org.apache.velocity.runtime.log.Log4JLogChute
2018-04-06 18:19:55,772 - Using logger class org.apache.velocity.runtime.log.Log4JLogChute
2018-04-06 18:19:55,776 - Default ResourceManager initializing. (class org.apache.velocity.runtime.resource.ResourceManagerImpl)
2018-04-06 18:19:55,777 - ResourceLoader instantiated: org.apache.velocity.runtime.resource.loader.ClasspathResourceLoader
2018-04-06 18:19:55,788 - ResourceCache: initialized (class org.apache.velocity.runtime.resource.ResourceCacheImpl)
2018-04-06 18:19:55,791 - Loaded System Directive: org.apache.velocity.runtime.directive.Literal
2018-04-06 18:19:55,793 - Loaded System Directive: org.apache.velocity.runtime.directive.Macro
2018-04-06 18:19:55,797 - Loaded System Directive: org.apache.velocity.runtime.directive.Parse
2018-04-06 18:19:55,799 - Loaded System Directive: org.apache.velocity.runtime.directive.Include
2018-04-06 18:19:55,800 - Loaded System Directive: org.apache.velocity.runtime.directive.Foreach
2018-04-06 18:19:55,834 - Created '20' parsers.
2018-04-06 18:19:55,844 - Velocimacro : "velocimacro.library" is not set.  Trying default library: VM_global_library.vm
2018-04-06 18:19:55,847 - Velocimacro : Default library not found.
2018-04-06 18:19:55,847 - Velocimacro : allowInline = true : VMs can be defined inline in templates
2018-04-06 18:19:55,847 - Velocimacro : allowInlineToOverride = false : VMs defined inline may NOT replace previous VM definitions
2018-04-06 18:19:55,847 - Velocimacro : allowInlineLocal = false : VMs defined inline will be global in scope if allowed.
2018-04-06 18:19:55,847 - Velocimacro : autoload off : VM system will not automatically reload global library macros
2018-04-06 18:19:55,867 - Velocimacro : added #print_if_exist(  field default ) : source = repository\resources\api_templates\velocity_template.xml
2018-04-06 18:19:55,869 - Velocimacro : added #print_string_if_exist(  field default ) : source = repository\resources\api_templates\velocity_template.xml
2018-04-06 18:19:55,870 - Velocimacro : added #print_if_exist_only(  tagname field ) : source = repository\resources\api_templates\velocity_template.xml
2018-04-06 18:19:55,880 - Velocimacro : added #print_list(  tagname list ) : source = repository\resources\api_templates\velocity_template.xml
2018-04-06 18:19:55,903 - Velocimacro : added #timeout(  config ) : source = repository\resources\api_templates\velocity_template.xml
2018-04-06 18:19:55,910 - Velocimacro : added #http_endpoint(  name ep ) : source = repository\resources\api_templates\velocity_template.xml
2018-04-06 18:19:55,925 - Velocimacro : added #address_endpoint(  name ep ) : source = repository\resources\api_templates\velocity_template.xml
2018-04-06 18:19:55,972 - Velocimacro : added #draw_endpoint(  type endpoint_config ) : source = repository\resources\api_templates\velocity_template.xml
2018-04-06 18:19:56,298 - ResourceManager : found repository\resources\api_templates\velocity_template.xml with loader org.apache.velocity.runtime.resource.loader.ClasspathResourceLoader
2018-04-06 18:19:56,318 - Null reference [template 'repository\resources\api_templates\velocity_template.xml', line 298, column 17] : $ctx cannot be resolved.
2018-04-06 18:19:56,346 - VM #timeout: error : too few arguments to macro. Wanted 1 got 0
2018-04-06 18:19:56,346 - VM #timeout: error : too few arguments to macro. Wanted 1 got 0
2018-04-06 18:19:56,463 - Left side ($config.get("actionSelect")) of '==' operation has null value. If a reference, it may not be in the context. Operation not possible. repository\resources\api_templates\velocity_template.xml [line 1, column 44]
2018-04-06 18:19:56,490 - VM #timeout: error : too few arguments to macro. Wanted 1 got 0
2018-04-06 18:19:56,490 - VM #timeout: error : too few arguments to macro. Wanted 1 got 0
2018-04-06 18:19:56,588 - Left side ($config.get("actionSelect")) of '==' operation has null value. If a reference, it may not be in the context. Operation not possible. repository\resources\api_templates\velocity_template.xml [line 1, column 44]
2018-04-06 18:28:14,124 - Log4JLogChute initialized using file 'velocity.log'
2018-04-06 18:28:14,124 - Starting Apache Velocity v1.5 (compiled: 2007-02-22 08:52:29)
2018-04-06 18:28:14,124 - Default Properties File: org\apache\velocity\runtime\defaults\velocity.properties
2018-04-06 18:28:14,124 - Trying to use logger class org.apache.velocity.runtime.log.AvalonLogChute
2018-04-06 18:28:14,125 - Couldn't find class org.apache.velocity.runtime.log.AvalonLogChute or necessary supporting classes in classpath.
java.lang.NoClassDefFoundError: org/apache/log/format/Formatter
	at java.lang.Class.forName0(Native Method)
	at java.lang.Class.forName(Class.java:348)
	at org.apache.velocity.util.ClassUtils.getClass(ClassUtils.java:63)
	at org.apache.velocity.util.ClassUtils.getNewInstance(ClassUtils.java:95)
	at org.apache.velocity.runtime.log.LogManager.createLogChute(LogManager.java:147)
	at org.apache.velocity.runtime.log.LogManager.updateLog(LogManager.java:208)
	at org.apache.velocity.runtime.RuntimeInstance.initializeLog(RuntimeInstance.java:728)
	at org.apache.velocity.runtime.RuntimeInstance.init(RuntimeInstance.java:240)
	at org.apache.velocity.app.VelocityEngine.init(VelocityEngine.java:116)
	at barley.apimgt.impl.template.APITemplateBuilderImpl.getConfigStringForTemplate(APITemplateBuilderImpl.java:102)
	at barley.apimgt.impl.utils.APIGatewayAdminRestClient.addApi(APIGatewayAdminRestClient.java:79)
	at barley.apimgt.impl.APIGatewayManager.publishToGateway(APIGatewayManager.java:173)
	at barley.apimgt.impl.APIProviderImpl.publishToGateway(APIProviderImpl.java:1531)
	at barley.apimgt.impl.APIProviderImpl.changeAPIStatus(APIProviderImpl.java:1253)
	at barley.apimgt.impl.UserAwareAPIProvider.changeAPIStatus(UserAwareAPIProvider.java:91)
	at barley.apimgt.impl.APIProviderImplTest.testAddApiAndPublish(APIProviderImplTest.java:359)
	at sun.reflect.NativeMethodAccessorImpl.invoke0(Native Method)
	at sun.reflect.NativeMethodAccessorImpl.invoke(NativeMethodAccessorImpl.java:62)
	at sun.reflect.DelegatingMethodAccessorImpl.invoke(DelegatingMethodAccessorImpl.java:43)
	at java.lang.reflect.Method.invoke(Method.java:498)
	at junit.framework.TestCase.runTest(TestCase.java:176)
	at junit.framework.TestCase.runBare(TestCase.java:141)
	at junit.framework.TestResult$1.protect(TestResult.java:122)
	at junit.framework.TestResult.runProtected(TestResult.java:142)
	at junit.framework.TestResult.run(TestResult.java:125)
	at junit.framework.TestCase.run(TestCase.java:129)
	at junit.framework.TestSuite.runTest(TestSuite.java:252)
	at junit.framework.TestSuite.run(TestSuite.java:247)
	at org.junit.internal.runners.JUnit38ClassRunner.run(JUnit38ClassRunner.java:86)
	at org.eclipse.jdt.internal.junit4.runner.JUnit4TestReference.run(JUnit4TestReference.java:86)
	at org.eclipse.jdt.internal.junit.runner.TestExecution.run(TestExecution.java:38)
	at org.eclipse.jdt.internal.junit.runner.RemoteTestRunner.runTests(RemoteTestRunner.java:459)
	at org.eclipse.jdt.internal.junit.runner.RemoteTestRunner.runTests(RemoteTestRunner.java:678)
	at org.eclipse.jdt.internal.junit.runner.RemoteTestRunner.run(RemoteTestRunner.java:382)
	at org.eclipse.jdt.internal.junit.runner.RemoteTestRunner.main(RemoteTestRunner.java:192)
Caused by: java.lang.ClassNotFoundException: org.apache.log.format.Formatter
	at java.net.URLClassLoader.findClass(URLClassLoader.java:381)
	at java.lang.ClassLoader.loadClass(ClassLoader.java:424)
	at sun.misc.Launcher$AppClassLoader.loadClass(Launcher.java:331)
	at java.lang.ClassLoader.loadClass(ClassLoader.java:357)
	... 35 more
2018-04-06 18:28:14,127 - Trying to use logger class org.apache.velocity.runtime.log.Log4JLogChute
2018-04-06 18:28:14,127 - Using logger class org.apache.velocity.runtime.log.Log4JLogChute
2018-04-06 18:28:14,131 - Default ResourceManager initializing. (class org.apache.velocity.runtime.resource.ResourceManagerImpl)
2018-04-06 18:28:14,133 - ResourceLoader instantiated: org.apache.velocity.runtime.resource.loader.ClasspathResourceLoader
2018-04-06 18:28:14,142 - ResourceCache: initialized (class org.apache.velocity.runtime.resource.ResourceCacheImpl)
2018-04-06 18:28:14,144 - Loaded System Directive: org.apache.velocity.runtime.directive.Literal
2018-04-06 18:28:14,146 - Loaded System Directive: org.apache.velocity.runtime.directive.Macro
2018-04-06 18:28:14,149 - Loaded System Directive: org.apache.velocity.runtime.directive.Parse
2018-04-06 18:28:14,151 - Loaded System Directive: org.apache.velocity.runtime.directive.Include
2018-04-06 18:28:14,152 - Loaded System Directive: org.apache.velocity.runtime.directive.Foreach
2018-04-06 18:28:14,183 - Created '20' parsers.
2018-04-06 18:28:14,200 - Velocimacro : "velocimacro.library" is not set.  Trying default library: VM_global_library.vm
2018-04-06 18:28:14,203 - Velocimacro : Default library not found.
2018-04-06 18:28:14,203 - Velocimacro : allowInline = true : VMs can be defined inline in templates
2018-04-06 18:28:14,203 - Velocimacro : allowInlineToOverride = false : VMs defined inline may NOT replace previous VM definitions
2018-04-06 18:28:14,203 - Velocimacro : allowInlineLocal = false : VMs defined inline will be global in scope if allowed.
2018-04-06 18:28:14,203 - Velocimacro : autoload off : VM system will not automatically reload global library macros
2018-04-06 18:28:14,222 - Velocimacro : added #print_if_exist(  field default ) : source = repository\resources\api_templates\velocity_template.xml
2018-04-06 18:28:14,225 - Velocimacro : added #print_string_if_exist(  field default ) : source = repository\resources\api_templates\velocity_template.xml
2018-04-06 18:28:14,226 - Velocimacro : added #print_if_exist_only(  tagname field ) : source = repository\resources\api_templates\velocity_template.xml
2018-04-06 18:28:14,234 - Velocimacro : added #print_list(  tagname list ) : source = repository\resources\api_templates\velocity_template.xml
2018-04-06 18:28:14,254 - Velocimacro : added #timeout(  config ) : source = repository\resources\api_templates\velocity_template.xml
2018-04-06 18:28:14,260 - Velocimacro : added #http_endpoint(  name ep ) : source = repository\resources\api_templates\velocity_template.xml
2018-04-06 18:28:14,272 - Velocimacro : added #address_endpoint(  name ep ) : source = repository\resources\api_templates\velocity_template.xml
2018-04-06 18:28:14,317 - Velocimacro : added #draw_endpoint(  type endpoint_config ) : source = repository\resources\api_templates\velocity_template.xml
2018-04-06 18:28:14,620 - ResourceManager : found repository\resources\api_templates\velocity_template.xml with loader org.apache.velocity.runtime.resource.loader.ClasspathResourceLoader
2018-04-06 18:28:14,637 - Null reference [template 'repository\resources\api_templates\velocity_template.xml', line 298, column 17] : $ctx cannot be resolved.
2018-04-06 18:28:14,666 - VM #timeout: error : too few arguments to macro. Wanted 1 got 0
2018-04-06 18:28:14,666 - VM #timeout: error : too few arguments to macro. Wanted 1 got 0
2018-04-06 18:28:14,777 - Left side ($config.get("actionSelect")) of '==' operation has null value. If a reference, it may not be in the context. Operation not possible. repository\resources\api_templates\velocity_template.xml [line 1, column 44]
2018-04-06 18:28:14,801 - VM #timeout: error : too few arguments to macro. Wanted 1 got 0
2018-04-06 18:28:14,801 - VM #timeout: error : too few arguments to macro. Wanted 1 got 0
2018-04-06 18:28:14,894 - Left side ($config.get("actionSelect")) of '==' operation has null value. If a reference, it may not be in the context. Operation not possible. repository\resources\api_templates\velocity_template.xml [line 1, column 44]
2018-04-06 18:28:35,206 - Log4JLogChute initialized using file 'velocity.log'
2018-04-06 18:28:35,206 - Starting Apache Velocity v1.5 (compiled: 2007-02-22 08:52:29)
2018-04-06 18:28:35,206 - Default Properties File: org\apache\velocity\runtime\defaults\velocity.properties
2018-04-06 18:28:35,206 - Trying to use logger class org.apache.velocity.runtime.log.AvalonLogChute
2018-04-06 18:28:35,206 - Couldn't find class org.apache.velocity.runtime.log.AvalonLogChute or necessary supporting classes in classpath.
java.lang.NoClassDefFoundError: org/apache/log/format/Formatter
	at java.lang.Class.forName0(Native Method)
	at java.lang.Class.forName(Class.java:348)
	at org.apache.velocity.util.ClassUtils.getClass(ClassUtils.java:63)
	at org.apache.velocity.util.ClassUtils.getNewInstance(ClassUtils.java:95)
	at org.apache.velocity.runtime.log.LogManager.createLogChute(LogManager.java:147)
	at org.apache.velocity.runtime.log.LogManager.updateLog(LogManager.java:208)
	at org.apache.velocity.runtime.RuntimeInstance.initializeLog(RuntimeInstance.java:728)
	at org.apache.velocity.runtime.RuntimeInstance.init(RuntimeInstance.java:240)
	at org.apache.velocity.app.VelocityEngine.init(VelocityEngine.java:116)
	at barley.apimgt.impl.template.APITemplateBuilderImpl.getConfigStringForDefaultAPITemplate(APITemplateBuilderImpl.java:183)
	at barley.apimgt.impl.utils.APIGatewayAdminRestClient.addDefaultAPI(APIGatewayAdminRestClient.java:125)
	at barley.apimgt.impl.APIGatewayManager.publishToGateway(APIGatewayManager.java:180)
	at barley.apimgt.impl.APIProviderImpl.publishToGateway(APIProviderImpl.java:1531)
	at barley.apimgt.impl.APIProviderImpl.changeAPIStatus(APIProviderImpl.java:1253)
	at barley.apimgt.impl.UserAwareAPIProvider.changeAPIStatus(UserAwareAPIProvider.java:91)
	at barley.apimgt.impl.APIProviderImplTest.testAddApiAndPublish(APIProviderImplTest.java:359)
	at sun.reflect.NativeMethodAccessorImpl.invoke0(Native Method)
	at sun.reflect.NativeMethodAccessorImpl.invoke(NativeMethodAccessorImpl.java:62)
	at sun.reflect.DelegatingMethodAccessorImpl.invoke(DelegatingMethodAccessorImpl.java:43)
	at java.lang.reflect.Method.invoke(Method.java:498)
	at junit.framework.TestCase.runTest(TestCase.java:176)
	at junit.framework.TestCase.runBare(TestCase.java:141)
	at junit.framework.TestResult$1.protect(TestResult.java:122)
	at junit.framework.TestResult.runProtected(TestResult.java:142)
	at junit.framework.TestResult.run(TestResult.java:125)
	at junit.framework.TestCase.run(TestCase.java:129)
	at junit.framework.TestSuite.runTest(TestSuite.java:252)
	at junit.framework.TestSuite.run(TestSuite.java:247)
	at org.junit.internal.runners.JUnit38ClassRunner.run(JUnit38ClassRunner.java:86)
	at org.eclipse.jdt.internal.junit4.runner.JUnit4TestReference.run(JUnit4TestReference.java:86)
	at org.eclipse.jdt.internal.junit.runner.TestExecution.run(TestExecution.java:38)
	at org.eclipse.jdt.internal.junit.runner.RemoteTestRunner.runTests(RemoteTestRunner.java:459)
	at org.eclipse.jdt.internal.junit.runner.RemoteTestRunner.runTests(RemoteTestRunner.java:678)
	at org.eclipse.jdt.internal.junit.runner.RemoteTestRunner.run(RemoteTestRunner.java:382)
	at org.eclipse.jdt.internal.junit.runner.RemoteTestRunner.main(RemoteTestRunner.java:192)
Caused by: java.lang.ClassNotFoundException: org.apache.log.format.Formatter
	at java.net.URLClassLoader.findClass(URLClassLoader.java:381)
	at java.lang.ClassLoader.loadClass(ClassLoader.java:424)
	at sun.misc.Launcher$AppClassLoader.loadClass(Launcher.java:331)
	at java.lang.ClassLoader.loadClass(ClassLoader.java:357)
	... 35 more
2018-04-06 18:28:35,207 - Trying to use logger class org.apache.velocity.runtime.log.Log4JLogChute
2018-04-06 18:28:35,207 - Using logger class org.apache.velocity.runtime.log.Log4JLogChute
2018-04-06 18:28:35,207 - Default ResourceManager initializing. (class org.apache.velocity.runtime.resource.ResourceManagerImpl)
2018-04-06 18:28:35,207 - ResourceLoader instantiated: org.apache.velocity.runtime.resource.loader.ClasspathResourceLoader
2018-04-06 18:28:35,207 - ResourceCache: initialized (class org.apache.velocity.runtime.resource.ResourceCacheImpl)
2018-04-06 18:28:35,208 - Loaded System Directive: org.apache.velocity.runtime.directive.Literal
2018-04-06 18:28:35,208 - Loaded System Directive: org.apache.velocity.runtime.directive.Macro
2018-04-06 18:28:35,208 - Loaded System Directive: org.apache.velocity.runtime.directive.Parse
2018-04-06 18:28:35,208 - Loaded System Directive: org.apache.velocity.runtime.directive.Include
2018-04-06 18:28:35,208 - Loaded System Directive: org.apache.velocity.runtime.directive.Foreach
2018-04-06 18:28:35,209 - Created '20' parsers.
2018-04-06 18:28:35,209 - Velocimacro : "velocimacro.library" is not set.  Trying default library: VM_global_library.vm
2018-04-06 18:28:35,212 - Velocimacro : Default library not found.
2018-04-06 18:28:35,213 - Velocimacro : allowInline = true : VMs can be defined inline in templates
2018-04-06 18:28:35,213 - Velocimacro : allowInlineToOverride = false : VMs defined inline may NOT replace previous VM definitions
2018-04-06 18:28:35,213 - Velocimacro : allowInlineLocal = false : VMs defined inline will be global in scope if allowed.
2018-04-06 18:28:35,213 - Velocimacro : autoload off : VM system will not automatically reload global library macros
2018-04-06 18:28:35,218 - ResourceManager : found repository\resources\api_templates\default_api_template.xml with loader org.apache.velocity.runtime.resource.loader.ClasspathResourceLoader
2018-04-06 18:28:35,218 - Null reference [template 'repository\resources\api_templates\default_api_template.xml', line 6, column 56] : $trp cannot be resolved.
2018-04-06 18:28:35,218 - Null reference [template 'repository\resources\api_templates\default_api_template.xml', line 7, column 33] : $ctx cannot be resolved.
2018-04-13 13:57:10,692 - Log4JLogChute initialized using file 'velocity.log'
2018-04-13 13:57:10,692 - Starting Apache Velocity v1.5 (compiled: 2007-02-22 08:52:29)
2018-04-13 13:57:10,692 - Default Properties File: org\apache\velocity\runtime\defaults\velocity.properties
2018-04-13 13:57:10,692 - Trying to use logger class org.apache.velocity.runtime.log.AvalonLogChute
2018-04-13 13:57:10,693 - Couldn't find class org.apache.velocity.runtime.log.AvalonLogChute or necessary supporting classes in classpath.
java.lang.NoClassDefFoundError: org/apache/log/format/Formatter
	at java.lang.Class.forName0(Native Method)
	at java.lang.Class.forName(Class.java:348)
	at org.apache.velocity.util.ClassUtils.getClass(ClassUtils.java:63)
	at org.apache.velocity.util.ClassUtils.getNewInstance(ClassUtils.java:95)
	at org.apache.velocity.runtime.log.LogManager.createLogChute(LogManager.java:147)
	at org.apache.velocity.runtime.log.LogManager.updateLog(LogManager.java:208)
	at org.apache.velocity.runtime.RuntimeInstance.initializeLog(RuntimeInstance.java:728)
	at org.apache.velocity.runtime.RuntimeInstance.init(RuntimeInstance.java:240)
	at org.apache.velocity.app.VelocityEngine.init(VelocityEngine.java:116)
	at barley.apimgt.impl.template.APITemplateBuilderImpl.getConfigStringForTemplate(APITemplateBuilderImpl.java:102)
	at barley.apimgt.impl.utils.APIGatewayAdminRestClient.addApi(APIGatewayAdminRestClient.java:59)
	at barley.apimgt.impl.APIGatewayManager.publishToGateway(APIGatewayManager.java:173)
	at barley.apimgt.impl.APIProviderImpl.publishToGateway(APIProviderImpl.java:1531)
	at barley.apimgt.impl.APIProviderImpl.changeAPIStatus(APIProviderImpl.java:1253)
	at barley.apimgt.impl.UserAwareAPIProvider.changeAPIStatus(UserAwareAPIProvider.java:91)
	at barley.apimgt.impl.APIProviderImplTest.testAddApiAndPublish(APIProviderImplTest.java:359)
	at sun.reflect.NativeMethodAccessorImpl.invoke0(Native Method)
	at sun.reflect.NativeMethodAccessorImpl.invoke(NativeMethodAccessorImpl.java:62)
	at sun.reflect.DelegatingMethodAccessorImpl.invoke(DelegatingMethodAccessorImpl.java:43)
	at java.lang.reflect.Method.invoke(Method.java:498)
	at junit.framework.TestCase.runTest(TestCase.java:176)
	at junit.framework.TestCase.runBare(TestCase.java:141)
	at junit.framework.TestResult$1.protect(TestResult.java:122)
	at junit.framework.TestResult.runProtected(TestResult.java:142)
	at junit.framework.TestResult.run(TestResult.java:125)
	at junit.framework.TestCase.run(TestCase.java:129)
	at junit.framework.TestSuite.runTest(TestSuite.java:252)
	at junit.framework.TestSuite.run(TestSuite.java:247)
	at org.junit.internal.runners.JUnit38ClassRunner.run(JUnit38ClassRunner.java:86)
	at org.eclipse.jdt.internal.junit4.runner.JUnit4TestReference.run(JUnit4TestReference.java:86)
	at org.eclipse.jdt.internal.junit.runner.TestExecution.run(TestExecution.java:38)
	at org.eclipse.jdt.internal.junit.runner.RemoteTestRunner.runTests(RemoteTestRunner.java:459)
	at org.eclipse.jdt.internal.junit.runner.RemoteTestRunner.runTests(RemoteTestRunner.java:678)
	at org.eclipse.jdt.internal.junit.runner.RemoteTestRunner.run(RemoteTestRunner.java:382)
	at org.eclipse.jdt.internal.junit.runner.RemoteTestRunner.main(RemoteTestRunner.java:192)
Caused by: java.lang.ClassNotFoundException: org.apache.log.format.Formatter
	at java.net.URLClassLoader.findClass(URLClassLoader.java:381)
	at java.lang.ClassLoader.loadClass(ClassLoader.java:424)
	at sun.misc.Launcher$AppClassLoader.loadClass(Launcher.java:331)
	at java.lang.ClassLoader.loadClass(ClassLoader.java:357)
	... 35 more
2018-04-13 13:57:10,694 - Trying to use logger class org.apache.velocity.runtime.log.Log4JLogChute
2018-04-13 13:57:10,694 - Using logger class org.apache.velocity.runtime.log.Log4JLogChute
2018-04-13 13:57:10,696 - Default ResourceManager initializing. (class org.apache.velocity.runtime.resource.ResourceManagerImpl)
2018-04-13 13:57:10,697 - ResourceLoader instantiated: org.apache.velocity.runtime.resource.loader.ClasspathResourceLoader
2018-04-13 13:57:10,702 - ResourceCache: initialized (class org.apache.velocity.runtime.resource.ResourceCacheImpl)
2018-04-13 13:57:10,703 - Loaded System Directive: org.apache.velocity.runtime.directive.Literal
2018-04-13 13:57:10,704 - Loaded System Directive: org.apache.velocity.runtime.directive.Macro
2018-04-13 13:57:10,706 - Loaded System Directive: org.apache.velocity.runtime.directive.Parse
2018-04-13 13:57:10,707 - Loaded System Directive: org.apache.velocity.runtime.directive.Include
2018-04-13 13:57:10,708 - Loaded System Directive: org.apache.velocity.runtime.directive.Foreach
2018-04-13 13:57:10,728 - Created '20' parsers.
2018-04-13 13:57:10,735 - Velocimacro : "velocimacro.library" is not set.  Trying default library: VM_global_library.vm
2018-04-13 13:57:10,736 - Velocimacro : Default library not found.
2018-04-13 13:57:10,736 - Velocimacro : allowInline = true : VMs can be defined inline in templates
2018-04-13 13:57:10,736 - Velocimacro : allowInlineToOverride = false : VMs defined inline may NOT replace previous VM definitions
2018-04-13 13:57:10,737 - Velocimacro : allowInlineLocal = false : VMs defined inline will be global in scope if allowed.
2018-04-13 13:57:10,737 - Velocimacro : autoload off : VM system will not automatically reload global library macros
2018-04-13 13:57:10,766 - Velocimacro : added #print_if_exist(  field default ) : source = repository\resources\api_templates\velocity_template.xml
2018-04-13 13:57:10,767 - Velocimacro : added #print_string_if_exist(  field default ) : source = repository\resources\api_templates\velocity_template.xml
2018-04-13 13:57:10,767 - Velocimacro : added #print_if_exist_only(  tagname field ) : source = repository\resources\api_templates\velocity_template.xml
2018-04-13 13:57:10,771 - Velocimacro : added #print_list(  tagname list ) : source = repository\resources\api_templates\velocity_template.xml
2018-04-13 13:57:10,777 - Velocimacro : added #timeout(  config ) : source = repository\resources\api_templates\velocity_template.xml
2018-04-13 13:57:10,777 - Velocimacro : added #http_endpoint(  name ep ) : source = repository\resources\api_templates\velocity_template.xml
2018-04-13 13:57:10,780 - Velocimacro : added #address_endpoint(  name ep ) : source = repository\resources\api_templates\velocity_template.xml
2018-04-13 13:57:10,788 - Velocimacro : added #draw_endpoint(  type endpoint_config ) : source = repository\resources\api_templates\velocity_template.xml
2018-04-13 13:57:10,822 - ResourceManager : found repository\resources\api_templates\velocity_template.xml with loader org.apache.velocity.runtime.resource.loader.ClasspathResourceLoader
2018-04-13 13:57:10,854 - Null reference [template 'repository\resources\api_templates\velocity_template.xml', line 298, column 17] : $ctx cannot be resolved.
2018-04-13 13:57:10,855 - VM #timeout: error : too few arguments to macro. Wanted 1 got 0
2018-04-13 13:57:10,855 - VM #timeout: error : too few arguments to macro. Wanted 1 got 0
2018-04-13 13:57:10,871 - Left side ($config.get("actionSelect")) of '==' operation has null value. If a reference, it may not be in the context. Operation not possible. repository\resources\api_templates\velocity_template.xml [line 1, column 44]
2018-04-13 13:57:10,874 - VM #timeout: error : too few arguments to macro. Wanted 1 got 0
2018-04-13 13:57:10,874 - VM #timeout: error : too few arguments to macro. Wanted 1 got 0
2018-04-13 13:57:10,881 - Left side ($config.get("actionSelect")) of '==' operation has null value. If a reference, it may not be in the context. Operation not possible. repository\resources\api_templates\velocity_template.xml [line 1, column 44]
2018-04-13 13:57:11,189 - Log4JLogChute initialized using file 'velocity.log'
2018-04-13 13:57:11,189 - Log4JLogChute initialized using file 'velocity.log'
2018-04-13 13:57:11,189 - Starting Apache Velocity v1.5 (compiled: 2007-02-22 08:52:29)
2018-04-13 13:57:11,189 - Starting Apache Velocity v1.5 (compiled: 2007-02-22 08:52:29)
2018-04-13 13:57:11,189 - Default Properties File: org\apache\velocity\runtime\defaults\velocity.properties
2018-04-13 13:57:11,189 - Default Properties File: org\apache\velocity\runtime\defaults\velocity.properties
2018-04-13 13:57:11,189 - Trying to use logger class org.apache.velocity.runtime.log.AvalonLogChute
2018-04-13 13:57:11,189 - Trying to use logger class org.apache.velocity.runtime.log.AvalonLogChute
2018-04-13 13:57:11,189 - Couldn't find class org.apache.velocity.runtime.log.AvalonLogChute or necessary supporting classes in classpath.
java.lang.NoClassDefFoundError: org/apache/log/format/Formatter
	at java.lang.Class.forName0(Native Method)
	at java.lang.Class.forName(Class.java:348)
	at org.apache.velocity.util.ClassUtils.getClass(ClassUtils.java:63)
	at org.apache.velocity.util.ClassUtils.getNewInstance(ClassUtils.java:95)
	at org.apache.velocity.runtime.log.LogManager.createLogChute(LogManager.java:147)
	at org.apache.velocity.runtime.log.LogManager.updateLog(LogManager.java:208)
	at org.apache.velocity.runtime.RuntimeInstance.initializeLog(RuntimeInstance.java:728)
	at org.apache.velocity.runtime.RuntimeInstance.init(RuntimeInstance.java:240)
	at org.apache.velocity.app.VelocityEngine.init(VelocityEngine.java:116)
	at barley.apimgt.impl.template.APITemplateBuilderImpl.getConfigStringForDefaultAPITemplate(APITemplateBuilderImpl.java:183)
	at barley.apimgt.impl.utils.APIGatewayAdminRestClient.addDefaultAPI(APIGatewayAdminRestClient.java:103)
	at barley.apimgt.impl.APIGatewayManager.publishToGateway(APIGatewayManager.java:180)
	at barley.apimgt.impl.APIProviderImpl.publishToGateway(APIProviderImpl.java:1531)
	at barley.apimgt.impl.APIProviderImpl.changeAPIStatus(APIProviderImpl.java:1253)
	at barley.apimgt.impl.UserAwareAPIProvider.changeAPIStatus(UserAwareAPIProvider.java:91)
	at barley.apimgt.impl.APIProviderImplTest.testAddApiAndPublish(APIProviderImplTest.java:359)
	at sun.reflect.NativeMethodAccessorImpl.invoke0(Native Method)
	at sun.reflect.NativeMethodAccessorImpl.invoke(NativeMethodAccessorImpl.java:62)
	at sun.reflect.DelegatingMethodAccessorImpl.invoke(DelegatingMethodAccessorImpl.java:43)
	at java.lang.reflect.Method.invoke(Method.java:498)
	at junit.framework.TestCase.runTest(TestCase.java:176)
	at junit.framework.TestCase.runBare(TestCase.java:141)
	at junit.framework.TestResult$1.protect(TestResult.java:122)
	at junit.framework.TestResult.runProtected(TestResult.java:142)
	at junit.framework.TestResult.run(TestResult.java:125)
	at junit.framework.TestCase.run(TestCase.java:129)
	at junit.framework.TestSuite.runTest(TestSuite.java:252)
	at junit.framework.TestSuite.run(TestSuite.java:247)
	at org.junit.internal.runners.JUnit38ClassRunner.run(JUnit38ClassRunner.java:86)
	at org.eclipse.jdt.internal.junit4.runner.JUnit4TestReference.run(JUnit4TestReference.java:86)
	at org.eclipse.jdt.internal.junit.runner.TestExecution.run(TestExecution.java:38)
	at org.eclipse.jdt.internal.junit.runner.RemoteTestRunner.runTests(RemoteTestRunner.java:459)
	at org.eclipse.jdt.internal.junit.runner.RemoteTestRunner.runTests(RemoteTestRunner.java:678)
	at org.eclipse.jdt.internal.junit.runner.RemoteTestRunner.run(RemoteTestRunner.java:382)
	at org.eclipse.jdt.internal.junit.runner.RemoteTestRunner.main(RemoteTestRunner.java:192)
Caused by: java.lang.ClassNotFoundException: org.apache.log.format.Formatter
	at java.net.URLClassLoader.findClass(URLClassLoader.java:381)
	at java.lang.ClassLoader.loadClass(ClassLoader.java:424)
	at sun.misc.Launcher$AppClassLoader.loadClass(Launcher.java:331)
	at java.lang.ClassLoader.loadClass(ClassLoader.java:357)
	... 35 more
2018-04-13 13:57:11,189 - Couldn't find class org.apache.velocity.runtime.log.AvalonLogChute or necessary supporting classes in classpath.
java.lang.NoClassDefFoundError: org/apache/log/format/Formatter
	at java.lang.Class.forName0(Native Method)
	at java.lang.Class.forName(Class.java:348)
	at org.apache.velocity.util.ClassUtils.getClass(ClassUtils.java:63)
	at org.apache.velocity.util.ClassUtils.getNewInstance(ClassUtils.java:95)
	at org.apache.velocity.runtime.log.LogManager.createLogChute(LogManager.java:147)
	at org.apache.velocity.runtime.log.LogManager.updateLog(LogManager.java:208)
	at org.apache.velocity.runtime.RuntimeInstance.initializeLog(RuntimeInstance.java:728)
	at org.apache.velocity.runtime.RuntimeInstance.init(RuntimeInstance.java:240)
	at org.apache.velocity.app.VelocityEngine.init(VelocityEngine.java:116)
	at barley.apimgt.impl.template.APITemplateBuilderImpl.getConfigStringForDefaultAPITemplate(APITemplateBuilderImpl.java:183)
	at barley.apimgt.impl.utils.APIGatewayAdminRestClient.addDefaultAPI(APIGatewayAdminRestClient.java:103)
	at barley.apimgt.impl.APIGatewayManager.publishToGateway(APIGatewayManager.java:180)
	at barley.apimgt.impl.APIProviderImpl.publishToGateway(APIProviderImpl.java:1531)
	at barley.apimgt.impl.APIProviderImpl.changeAPIStatus(APIProviderImpl.java:1253)
	at barley.apimgt.impl.UserAwareAPIProvider.changeAPIStatus(UserAwareAPIProvider.java:91)
	at barley.apimgt.impl.APIProviderImplTest.testAddApiAndPublish(APIProviderImplTest.java:359)
	at sun.reflect.NativeMethodAccessorImpl.invoke0(Native Method)
	at sun.reflect.NativeMethodAccessorImpl.invoke(NativeMethodAccessorImpl.java:62)
	at sun.reflect.DelegatingMethodAccessorImpl.invoke(DelegatingMethodAccessorImpl.java:43)
	at java.lang.reflect.Method.invoke(Method.java:498)
	at junit.framework.TestCase.runTest(TestCase.java:176)
	at junit.framework.TestCase.runBare(TestCase.java:141)
	at junit.framework.TestResult$1.protect(TestResult.java:122)
	at junit.framework.TestResult.runProtected(TestResult.java:142)
	at junit.framework.TestResult.run(TestResult.java:125)
	at junit.framework.TestCase.run(TestCase.java:129)
	at junit.framework.TestSuite.runTest(TestSuite.java:252)
	at junit.framework.TestSuite.run(TestSuite.java:247)
	at org.junit.internal.runners.JUnit38ClassRunner.run(JUnit38ClassRunner.java:86)
	at org.eclipse.jdt.internal.junit4.runner.JUnit4TestReference.run(JUnit4TestReference.java:86)
	at org.eclipse.jdt.internal.junit.runner.TestExecution.run(TestExecution.java:38)
	at org.eclipse.jdt.internal.junit.runner.RemoteTestRunner.runTests(RemoteTestRunner.java:459)
	at org.eclipse.jdt.internal.junit.runner.RemoteTestRunner.runTests(RemoteTestRunner.java:678)
	at org.eclipse.jdt.internal.junit.runner.RemoteTestRunner.run(RemoteTestRunner.java:382)
	at org.eclipse.jdt.internal.junit.runner.RemoteTestRunner.main(RemoteTestRunner.java:192)
Caused by: java.lang.ClassNotFoundException: org.apache.log.format.Formatter
	at java.net.URLClassLoader.findClass(URLClassLoader.java:381)
	at java.lang.ClassLoader.loadClass(ClassLoader.java:424)
	at sun.misc.Launcher$AppClassLoader.loadClass(Launcher.java:331)
	at java.lang.ClassLoader.loadClass(ClassLoader.java:357)
	... 35 more
2018-04-13 13:57:11,189 - Trying to use logger class org.apache.velocity.runtime.log.Log4JLogChute
2018-04-13 13:57:11,189 - Trying to use logger class org.apache.velocity.runtime.log.Log4JLogChute
2018-04-13 13:57:11,190 - Using logger class org.apache.velocity.runtime.log.Log4JLogChute
2018-04-13 13:57:11,190 - Using logger class org.apache.velocity.runtime.log.Log4JLogChute
2018-04-13 13:57:11,190 - Default ResourceManager initializing. (class org.apache.velocity.runtime.resource.ResourceManagerImpl)
2018-04-13 13:57:11,190 - Default ResourceManager initializing. (class org.apache.velocity.runtime.resource.ResourceManagerImpl)
2018-04-13 13:57:11,190 - ResourceLoader instantiated: org.apache.velocity.runtime.resource.loader.ClasspathResourceLoader
2018-04-13 13:57:11,190 - ResourceLoader instantiated: org.apache.velocity.runtime.resource.loader.ClasspathResourceLoader
2018-04-13 13:57:11,190 - ResourceCache: initialized (class org.apache.velocity.runtime.resource.ResourceCacheImpl)
2018-04-13 13:57:11,190 - ResourceCache: initialized (class org.apache.velocity.runtime.resource.ResourceCacheImpl)
2018-04-13 13:57:11,191 - Loaded System Directive: org.apache.velocity.runtime.directive.Literal
2018-04-13 13:57:11,191 - Loaded System Directive: org.apache.velocity.runtime.directive.Literal
2018-04-13 13:57:11,191 - Loaded System Directive: org.apache.velocity.runtime.directive.Macro
2018-04-13 13:57:11,191 - Loaded System Directive: org.apache.velocity.runtime.directive.Macro
2018-04-13 13:57:11,191 - Loaded System Directive: org.apache.velocity.runtime.directive.Parse
2018-04-13 13:57:11,191 - Loaded System Directive: org.apache.velocity.runtime.directive.Parse
2018-04-13 13:57:11,191 - Loaded System Directive: org.apache.velocity.runtime.directive.Include
2018-04-13 13:57:11,191 - Loaded System Directive: org.apache.velocity.runtime.directive.Include
2018-04-13 13:57:11,191 - Loaded System Directive: org.apache.velocity.runtime.directive.Foreach
2018-04-13 13:57:11,191 - Loaded System Directive: org.apache.velocity.runtime.directive.Foreach
2018-04-13 13:57:11,192 - Created '20' parsers.
2018-04-13 13:57:11,192 - Created '20' parsers.
2018-04-13 13:57:11,192 - Velocimacro : "velocimacro.library" is not set.  Trying default library: VM_global_library.vm
2018-04-13 13:57:11,192 - Velocimacro : "velocimacro.library" is not set.  Trying default library: VM_global_library.vm
2018-04-13 13:57:11,195 - Velocimacro : Default library not found.
2018-04-13 13:57:11,195 - Velocimacro : Default library not found.
2018-04-13 13:57:11,195 - Velocimacro : allowInline = true : VMs can be defined inline in templates
2018-04-13 13:57:11,195 - Velocimacro : allowInline = true : VMs can be defined inline in templates
2018-04-13 13:57:11,195 - Velocimacro : allowInlineToOverride = false : VMs defined inline may NOT replace previous VM definitions
2018-04-13 13:57:11,195 - Velocimacro : allowInlineToOverride = false : VMs defined inline may NOT replace previous VM definitions
2018-04-13 13:57:11,195 - Velocimacro : allowInlineLocal = false : VMs defined inline will be global in scope if allowed.
2018-04-13 13:57:11,195 - Velocimacro : allowInlineLocal = false : VMs defined inline will be global in scope if allowed.
2018-04-13 13:57:11,195 - Velocimacro : autoload off : VM system will not automatically reload global library macros
2018-04-13 13:57:11,195 - Velocimacro : autoload off : VM system will not automatically reload global library macros
2018-04-13 13:57:11,274 - ResourceManager : found repository\resources\api_templates\default_api_template.xml with loader org.apache.velocity.runtime.resource.loader.ClasspathResourceLoader
2018-04-13 13:57:11,274 - ResourceManager : found repository\resources\api_templates\default_api_template.xml with loader org.apache.velocity.runtime.resource.loader.ClasspathResourceLoader
2018-04-13 13:57:11,274 - Null reference [template 'repository\resources\api_templates\default_api_template.xml', line 6, column 56] : $trp cannot be resolved.
2018-04-13 13:57:11,274 - Null reference [template 'repository\resources\api_templates\default_api_template.xml', line 6, column 56] : $trp cannot be resolved.
2018-04-13 13:57:11,274 - Null reference [template 'repository\resources\api_templates\default_api_template.xml', line 7, column 33] : $ctx cannot be resolved.
2018-04-13 13:57:11,274 - Null reference [template 'repository\resources\api_templates\default_api_template.xml', line 7, column 33] : $ctx cannot be resolved.
